start
Thu Nov 20 14:23:16 CST 2008
start
Thu Nov 20 14:27:16 CST 2008
start
Thu Nov 20 14:29:00 CST 2008
start
Thu Nov 20 14:36:49 CST 2008
start
Thu Nov 20 14:38:06 CST 2008
start
Thu Nov 20 14:38:43 CST 2008
start
Thu Nov 20 14:57:27 CST 2008
start
Thu Nov 20 15:01:50 CST 2008
start
Thu Nov 20 15:02:23 CST 2008
start
Thu Nov 20 15:02:40 CST 2008
start
Thu Nov 20 16:01:30 CST 2008
start
Fri Nov 21 16:20:55 CST 2008
end
Fri Nov 21 16:39:06 CST 2008
start
Fri Nov 21 20:31:44 CST 2008
end
Sat Nov 22 04:53:33 CST 2008
start
Sat Nov 22 11:00:01 CST 2008
end
Sat Nov 22 11:09:14 CST 2008
start
Sat Nov 22 17:00:02 CST 2008
end
Sat Nov 22 17:14:11 CST 2008
start
Sat Nov 22 23:00:01 CST 2008
end
Sat Nov 22 23:06:24 CST 2008
start
Sun Nov 23 06:00:01 CST 2008
end
Sun Nov 23 06:11:06 CST 2008
start
Sun Nov 23 11:00:01 CST 2008
end
Sun Nov 23 11:05:55 CST 2008
start
Sun Nov 23 17:00:01 CST 2008
end
Sun Nov 23 17:10:52 CST 2008
start
Sun Nov 23 23:00:01 CST 2008
end
Sun Nov 23 23:11:57 CST 2008
start
Mon Nov 24 06:00:01 CST 2008
end
Mon Nov 24 06:12:24 CST 2008
start
Mon Nov 24 11:00:01 CST 2008
end
Mon Nov 24 11:45:40 CST 2008
start
Mon Nov 24 17:00:01 CST 2008
end
Mon Nov 24 18:21:40 CST 2008
start
Mon Nov 24 23:00:01 CST 2008
end
Mon Nov 24 23:21:19 CST 2008
start
Tue Nov 25 06:00:01 CST 2008
end
Tue Nov 25 06:05:08 CST 2008
start
Tue Nov 25 11:00:01 CST 2008
end
Tue Nov 25 12:39:51 CST 2008
start
Tue Nov 25 17:00:01 CST 2008
end
Tue Nov 25 18:05:37 CST 2008
start
Tue Nov 25 23:00:01 CST 2008
end
Tue Nov 25 23:12:40 CST 2008
start
Wed Nov 26 06:00:01 CST 2008
end
Wed Nov 26 06:06:01 CST 2008
start
Wed Nov 26 11:00:01 CST 2008
end
Wed Nov 26 11:48:53 CST 2008
start
Wed Nov 26 17:00:01 CST 2008
end
Wed Nov 26 18:00:13 CST 2008
start
Wed Nov 26 23:00:01 CST 2008
end
Wed Nov 26 23:14:49 CST 2008
start
Thu Nov 27 06:00:01 CST 2008
end
Thu Nov 27 06:08:28 CST 2008
start
Thu Nov 27 11:00:01 CST 2008
end
Thu Nov 27 11:05:02 CST 2008
start
Thu Nov 27 17:00:01 CST 2008
end
Thu Nov 27 17:08:07 CST 2008
start
Thu Nov 27 23:00:01 CST 2008
end
Thu Nov 27 23:02:42 CST 2008
start
Fri Nov 28 06:00:01 CST 2008
end
Fri Nov 28 06:06:17 CST 2008
start
Fri Nov 28 11:00:01 CST 2008
start
Fri Nov 28 17:00:01 CST 2008
end
Fri Nov 28 17:34:16 CST 2008
start
Fri Nov 28 23:00:01 CST 2008
end
Fri Nov 28 23:10:15 CST 2008
start
Sat Nov 29 06:00:01 CST 2008
end
Sat Nov 29 06:09:15 CST 2008
start
Sat Nov 29 11:00:01 CST 2008
end
Sat Nov 29 11:09:51 CST 2008
start
Sat Nov 29 17:00:01 CST 2008
end
Sat Nov 29 17:16:19 CST 2008
start
Sat Nov 29 23:00:01 CST 2008
end
Sat Nov 29 23:06:21 CST 2008
start
Sun Nov 30 06:00:01 CST 2008
end
Sun Nov 30 06:14:17 CST 2008
start
Sun Nov 30 11:00:01 CST 2008
end
Sun Nov 30 11:12:43 CST 2008
start
Sun Nov 30 17:00:01 CST 2008
end
Sun Nov 30 17:08:48 CST 2008
start
Sun Nov 30 23:00:01 CST 2008
end
Sun Nov 30 23:06:15 CST 2008
start
Mon Dec  1 06:00:01 CST 2008
end
Mon Dec  1 06:09:10 CST 2008
start
Mon Dec  1 11:00:01 CST 2008
end
Mon Dec  1 11:20:14 CST 2008
start
Mon Dec  1 15:52:50 CST 2008
end
Mon Dec  1 16:21:44 CST 2008
start
Mon Dec  1 17:00:01 CST 2008
end
Mon Dec  1 17:18:13 CST 2008
start
Mon Dec  1 23:00:01 CST 2008
end
Mon Dec  1 23:26:47 CST 2008
start
Tue Dec  2 06:00:01 CST 2008
end
Tue Dec  2 06:10:25 CST 2008
start
Tue Dec  2 11:00:01 CST 2008
end
Tue Dec  2 11:34:10 CST 2008
start
Tue Dec  2 18:00:01 CST 2008
end
Tue Dec  2 19:06:02 CST 2008
start
Wed Dec  3 00:00:01 CST 2008
end
Wed Dec  3 00:10:18 CST 2008
start
Wed Dec  3 07:00:01 CST 2008
end
Wed Dec  3 07:10:30 CST 2008
start
Wed Dec  3 12:00:01 CST 2008
end
Wed Dec  3 13:14:43 CST 2008
start
Wed Dec  3 18:00:01 CST 2008
end
Wed Dec  3 19:10:32 CST 2008
start
Thu Dec  4 00:00:01 CST 2008
end
Thu Dec  4 00:10:59 CST 2008
start
Thu Dec  4 07:00:01 CST 2008
end
Thu Dec  4 07:05:51 CST 2008
start
Thu Dec  4 12:00:01 CST 2008
end
Thu Dec  4 12:38:51 CST 2008
start
Thu Dec  4 18:00:02 CST 2008
end
Thu Dec  4 18:38:00 CST 2008
start
Fri Dec  5 00:00:01 CST 2008
end
Fri Dec  5 00:12:31 CST 2008
start
Fri Dec  5 07:00:01 CST 2008
end
Fri Dec  5 07:08:09 CST 2008
start
Fri Dec  5 12:00:01 CST 2008
end
Fri Dec  5 12:37:58 CST 2008
start
Fri Dec  5 18:00:01 CST 2008
end
Fri Dec  5 18:37:14 CST 2008
start
Sat Dec  6 00:00:01 CST 2008
end
Sat Dec  6 00:06:20 CST 2008
start
Sat Dec  6 07:00:02 CST 2008
end
Sat Dec  6 07:07:52 CST 2008
start
Sat Dec  6 12:00:01 CST 2008
end
Sat Dec  6 12:02:41 CST 2008
start
Sat Dec  6 18:00:02 CST 2008
end
Sat Dec  6 18:17:55 CST 2008
start
Sun Dec  7 00:00:01 CST 2008
end
Sun Dec  7 00:07:00 CST 2008
start
Sun Dec  7 07:00:01 CST 2008
end
Sun Dec  7 07:14:37 CST 2008
start
Sun Dec  7 12:00:01 CST 2008
end
Sun Dec  7 12:12:38 CST 2008
start
Sun Dec  7 18:00:01 CST 2008
end
Sun Dec  7 18:15:04 CST 2008
start
Mon Dec  8 00:00:01 CST 2008
end
Mon Dec  8 00:10:55 CST 2008
start
Mon Dec  8 07:00:01 CST 2008
end
Mon Dec  8 07:08:42 CST 2008
start
Mon Dec  8 12:00:01 CST 2008
end
Mon Dec  8 13:21:22 CST 2008
start
Mon Dec  8 18:00:01 CST 2008
end
Mon Dec  8 18:37:13 CST 2008
start
Tue Dec  9 00:00:01 CST 2008
end
Tue Dec  9 00:10:53 CST 2008
start
Tue Dec  9 07:00:01 CST 2008
end
Tue Dec  9 07:06:45 CST 2008
start
Tue Dec  9 12:00:01 CST 2008
end
Tue Dec  9 13:34:24 CST 2008
start
Tue Dec  9 18:00:01 CST 2008
end
Tue Dec  9 19:14:59 CST 2008
start
Wed Dec 10 00:00:01 CST 2008
end
Wed Dec 10 00:41:33 CST 2008
start
Wed Dec 10 07:00:01 CST 2008
end
Wed Dec 10 07:10:44 CST 2008
start
Wed Dec 10 12:00:01 CST 2008
start
Wed Dec 10 18:00:01 CST 2008
end
Wed Dec 10 18:00:03 CST 2008
start
Thu Dec 11 00:00:01 CST 2008
end
Thu Dec 11 00:00:02 CST 2008
start
Thu Dec 11 07:00:01 CST 2008
end
Thu Dec 11 07:00:02 CST 2008
start
Thu Dec 11 12:00:02 CST 2008
end
Thu Dec 11 12:00:03 CST 2008
start
Thu Dec 11 18:00:01 CST 2008
end
Thu Dec 11 18:00:02 CST 2008
start
Fri Dec 12 00:00:01 CST 2008
end
Fri Dec 12 00:00:02 CST 2008
start
Fri Dec 12 07:00:01 CST 2008
end
Fri Dec 12 07:00:02 CST 2008
start
Fri Dec 12 12:00:01 CST 2008
end
Fri Dec 12 12:00:03 CST 2008
start
Fri Dec 12 18:00:01 CST 2008
end
Fri Dec 12 18:00:03 CST 2008
start
Sat Dec 13 00:00:01 CST 2008
end
Sat Dec 13 00:00:02 CST 2008
start
Sat Dec 13 07:00:01 CST 2008
end
Sat Dec 13 07:00:02 CST 2008
start
Sat Dec 13 12:00:01 CST 2008
end
Sat Dec 13 12:00:02 CST 2008
start
Sat Dec 13 18:00:01 CST 2008
end
Sat Dec 13 18:00:02 CST 2008
start
Sun Dec 14 00:00:01 CST 2008
end
Sun Dec 14 00:00:02 CST 2008
start
Sun Dec 14 07:00:01 CST 2008
end
Sun Dec 14 07:00:02 CST 2008
start
Sun Dec 14 12:00:01 CST 2008
end
Sun Dec 14 12:00:02 CST 2008
start
Sun Dec 14 18:00:01 CST 2008
end
Sun Dec 14 18:00:02 CST 2008
start
Mon Dec 15 00:00:02 CST 2008
end
Mon Dec 15 00:00:03 CST 2008
start
Mon Dec 15 07:00:01 CST 2008
end
Mon Dec 15 07:00:03 CST 2008
start
Mon Dec 15 12:00:01 CST 2008
end
Mon Dec 15 12:00:03 CST 2008
start
Mon Dec 15 18:00:01 CST 2008
end
Mon Dec 15 18:00:02 CST 2008
start
Tue Dec 16 00:00:01 CST 2008
end
Tue Dec 16 00:00:03 CST 2008
start
Tue Dec 16 07:00:01 CST 2008
end
Tue Dec 16 07:00:02 CST 2008
start
Tue Dec 16 12:00:01 CST 2008
end
Tue Dec 16 12:00:06 CST 2008
start
Tue Dec 16 18:00:01 CST 2008
end
Tue Dec 16 18:00:02 CST 2008
start
Wed Dec 17 00:00:01 CST 2008
end
Wed Dec 17 00:00:03 CST 2008
start
Wed Dec 17 07:00:01 CST 2008
end
Wed Dec 17 07:00:03 CST 2008
start
Wed Dec 17 12:00:01 CST 2008
end
Wed Dec 17 12:00:04 CST 2008
start
Wed Dec 17 18:00:01 CST 2008
end
Wed Dec 17 18:00:02 CST 2008
start
Thu Dec 18 00:00:01 CST 2008
end
Thu Dec 18 00:00:03 CST 2008
start
Thu Dec 18 07:00:01 CST 2008
end
Thu Dec 18 07:00:03 CST 2008
start
Thu Dec 18 12:00:01 CST 2008
end
Thu Dec 18 12:00:03 CST 2008
start
Thu Dec 18 15:49:23 CST 2008
end
Thu Dec 18 15:49:24 CST 2008
start
Thu Dec 18 15:50:26 CST 2008
start
Thu Dec 18 18:00:01 CST 2008
start
Fri Dec 19 00:00:01 CST 2008
end
Fri Dec 19 00:58:18 CST 2008
end
Fri Dec 19 00:58:39 CST 2008
start
Fri Dec 19 07:00:01 CST 2008
end
Fri Dec 19 07:05:12 CST 2008
start
Fri Dec 19 12:00:01 CST 2008
start
Fri Dec 19 18:00:01 CST 2008
end
Fri Dec 19 19:55:52 CST 2008
start
Sat Dec 20 00:00:01 CST 2008
end
Sat Dec 20 00:06:52 CST 2008
start
Sat Dec 20 07:00:01 CST 2008
end
Sat Dec 20 07:09:15 CST 2008
start
Sat Dec 20 12:00:01 CST 2008
end
Sat Dec 20 12:08:53 CST 2008
start
Sat Dec 20 18:00:02 CST 2008
end
Sat Dec 20 18:22:07 CST 2008
start
Sun Dec 21 00:00:02 CST 2008
end
Sun Dec 21 00:10:48 CST 2008
start
Sun Dec 21 07:00:01 CST 2008
end
Sun Dec 21 07:17:48 CST 2008
start
Sun Dec 21 12:00:01 CST 2008
end
Sun Dec 21 12:11:25 CST 2008
start
Sun Dec 21 18:00:01 CST 2008
end
Sun Dec 21 18:07:43 CST 2008
start
Mon Dec 22 00:00:01 CST 2008
end
Mon Dec 22 00:05:10 CST 2008
start
Mon Dec 22 07:00:01 CST 2008
end
Mon Dec 22 07:06:17 CST 2008
start
Mon Dec 22 12:00:01 CST 2008
end
Mon Dec 22 13:08:06 CST 2008
start
Mon Dec 22 18:00:01 CST 2008
end
Mon Dec 22 18:49:31 CST 2008
start
Tue Dec 23 00:00:01 CST 2008
end
Tue Dec 23 00:08:53 CST 2008
start
Tue Dec 23 07:00:01 CST 2008
end
Tue Dec 23 07:04:59 CST 2008
start
Tue Dec 23 12:00:01 CST 2008
end
Tue Dec 23 12:41:06 CST 2008
start
Tue Dec 23 18:00:01 CST 2008
end
Tue Dec 23 18:32:49 CST 2008
start
Wed Dec 24 00:00:01 CST 2008
end
Wed Dec 24 00:11:42 CST 2008
start
Wed Dec 24 07:00:01 CST 2008
end
Wed Dec 24 07:04:46 CST 2008
start
Wed Dec 24 11:38:19 CST 2008
start
Wed Dec 24 12:00:01 CST 2008
end
Wed Dec 24 12:01:29 CST 2008
start
Wed Dec 24 18:00:01 CST 2008
end
Wed Dec 24 18:02:28 CST 2008
start
Thu Dec 25 00:00:01 CST 2008
end
Thu Dec 25 00:03:13 CST 2008
start
Thu Dec 25 07:00:01 CST 2008
end
Thu Dec 25 07:04:59 CST 2008
start
Thu Dec 25 12:00:01 CST 2008
end
Thu Dec 25 12:01:45 CST 2008
start
Thu Dec 25 18:00:01 CST 2008
end
Thu Dec 25 18:02:37 CST 2008
start
Fri Dec 26 00:00:01 CST 2008
end
Fri Dec 26 00:02:41 CST 2008
start
Fri Dec 26 07:00:01 CST 2008
end
Fri Dec 26 07:07:12 CST 2008
start
Fri Dec 26 12:00:01 CST 2008
end
Fri Dec 26 13:42:26 CST 2008
start
Fri Dec 26 18:00:02 CST 2008
end
Fri Dec 26 19:35:04 CST 2008
start
Sat Dec 27 00:00:02 CST 2008
end
Sat Dec 27 00:18:06 CST 2008
start
Sat Dec 27 07:00:02 CST 2008
end
Sat Dec 27 07:06:37 CST 2008
start
Sat Dec 27 12:00:01 CST 2008
end
Sat Dec 27 12:01:24 CST 2008
start
Sat Dec 27 18:00:01 CST 2008
end
Sat Dec 27 18:21:49 CST 2008
start
Sun Dec 28 00:00:01 CST 2008
end
Sun Dec 28 00:05:55 CST 2008
start
Sun Dec 28 07:00:01 CST 2008
end
Sun Dec 28 07:11:19 CST 2008
start
Sun Dec 28 12:00:01 CST 2008
end
Sun Dec 28 12:10:40 CST 2008
start
Sun Dec 28 18:00:01 CST 2008
end
Sun Dec 28 18:09:45 CST 2008
start
Mon Dec 29 00:00:01 CST 2008
end
Mon Dec 29 00:11:03 CST 2008
start
Mon Dec 29 07:00:01 CST 2008
end
Mon Dec 29 07:10:34 CST 2008
start
Mon Dec 29 12:00:01 CST 2008
end
Mon Dec 29 13:11:07 CST 2008
start
Mon Dec 29 16:18:28 CST 2008
start
Mon Dec 29 18:00:01 CST 2008
end
Mon Dec 29 19:20:44 CST 2008
end
Mon Dec 29 21:04:27 CST 2008
start
Tue Dec 30 00:00:01 CST 2008
end
Tue Dec 30 00:13:41 CST 2008
start
Tue Dec 30 07:00:01 CST 2008
end
Tue Dec 30 07:12:05 CST 2008
start
Tue Dec 30 12:00:01 CST 2008
end
Tue Dec 30 12:56:22 CST 2008
start
Tue Dec 30 18:00:01 CST 2008
end
Tue Dec 30 20:56:46 CST 2008
start
Wed Dec 31 00:00:01 CST 2008
end
Wed Dec 31 00:26:31 CST 2008
start
Wed Dec 31 07:00:01 CST 2008
end
Wed Dec 31 07:21:51 CST 2008
start
Wed Dec 31 12:00:01 CST 2008
end
Wed Dec 31 13:15:41 CST 2008
start
Wed Dec 31 18:00:01 CST 2008
end
Wed Dec 31 18:16:55 CST 2008
start
Thu Jan  1 00:00:01 CST 2009
end
Thu Jan  1 00:17:26 CST 2009
start
Thu Jan  1 07:00:01 CST 2009
end
Thu Jan  1 07:12:38 CST 2009
start
Thu Jan  1 12:00:01 CST 2009
end
Thu Jan  1 12:10:33 CST 2009
start
Thu Jan  1 18:00:01 CST 2009
end
Thu Jan  1 18:10:22 CST 2009
start
Fri Jan  2 00:00:01 CST 2009
end
Fri Jan  2 00:13:28 CST 2009
start
Fri Jan  2 07:00:01 CST 2009
end
Fri Jan  2 07:20:07 CST 2009
start
Fri Jan  2 12:00:01 CST 2009
end
Fri Jan  2 13:10:15 CST 2009
start
Fri Jan  2 18:00:01 CST 2009
end
Fri Jan  2 18:50:51 CST 2009
start
Sat Jan  3 00:00:01 CST 2009
end
Sat Jan  3 00:40:23 CST 2009
start
Sat Jan  3 07:00:02 CST 2009
end
Sat Jan  3 07:34:38 CST 2009
start
Sat Jan  3 12:00:01 CST 2009
end
Sat Jan  3 12:26:21 CST 2009
start
Sat Jan  3 18:00:01 CST 2009
end
Sat Jan  3 18:35:06 CST 2009
start
Sun Jan  4 00:00:01 CST 2009
end
Sun Jan  4 00:19:15 CST 2009
start
Sun Jan  4 07:00:01 CST 2009
end
Sun Jan  4 07:15:17 CST 2009
start
Sun Jan  4 12:00:01 CST 2009
end
Sun Jan  4 12:13:56 CST 2009
start
Sun Jan  4 18:00:01 CST 2009
end
Sun Jan  4 18:09:49 CST 2009
start
Mon Jan  5 00:00:01 CST 2009
end
Mon Jan  5 00:14:52 CST 2009
start
Mon Jan  5 07:00:01 CST 2009
end
Mon Jan  5 07:11:20 CST 2009
start
Mon Jan  5 12:00:02 CST 2009
end
Mon Jan  5 13:49:39 CST 2009
start
Mon Jan  5 18:00:01 CST 2009
end
Mon Jan  5 19:34:06 CST 2009
start
Tue Jan  6 00:00:02 CST 2009
end
Tue Jan  6 00:39:35 CST 2009
start
Tue Jan  6 07:00:01 CST 2009
end
Tue Jan  6 07:57:32 CST 2009
start
Tue Jan  6 12:00:01 CST 2009
end
Tue Jan  6 14:29:12 CST 2009
start
Tue Jan  6 18:00:01 CST 2009
end
Tue Jan  6 20:20:55 CST 2009
start
Wed Jan  7 00:00:02 CST 2009
end
Wed Jan  7 00:53:21 CST 2009
start
Wed Jan  7 07:00:01 CST 2009
end
Wed Jan  7 07:42:17 CST 2009
start
Wed Jan  7 12:00:01 CST 2009
end
Wed Jan  7 15:22:41 CST 2009
start
Wed Jan  7 15:40:20 CST 2009
start
Fri Jan  9 17:02:17 CST 2009
start
Fri Jan  9 18:49:09 CST 2009
end
Sat Jan 10 17:55:24 CST 2009
start
Sun Jan 11 00:33:36 CST 2009
end
Sun Jan 11 01:21:11 CST 2009
start
Sun Jan 11 18:00:01 CST 2009
end
Sun Jan 11 18:26:45 CST 2009
start
Mon Jan 12 00:00:01 CST 2009
end
Mon Jan 12 00:31:17 CST 2009
start
Mon Jan 12 07:00:01 CST 2009
end
Mon Jan 12 07:35:29 CST 2009
start
Mon Jan 12 12:00:01 CST 2009
end
Mon Jan 12 14:42:40 CST 2009
start
Mon Jan 12 18:00:01 CST 2009
end
Mon Jan 12 22:19:01 CST 2009
start
Tue Jan 13 00:00:01 CST 2009
end
Tue Jan 13 00:49:38 CST 2009
start
Tue Jan 13 07:00:01 CST 2009
end
Tue Jan 13 07:49:12 CST 2009
start
Tue Jan 13 12:00:02 CST 2009
end
Tue Jan 13 14:31:40 CST 2009
start
Tue Jan 13 18:00:01 CST 2009
end
Tue Jan 13 20:46:43 CST 2009
start
Wed Jan 14 00:00:01 CST 2009
end
Wed Jan 14 00:37:54 CST 2009
start
Wed Jan 14 07:00:01 CST 2009
end
Wed Jan 14 07:38:28 CST 2009
start
Wed Jan 14 12:00:01 CST 2009
end
Wed Jan 14 14:55:22 CST 2009
start
Wed Jan 14 18:00:01 CST 2009
end
Wed Jan 14 20:07:42 CST 2009
start
Thu Jan 15 00:00:01 CST 2009
end
Thu Jan 15 00:43:21 CST 2009
start
Thu Jan 15 07:00:02 CST 2009
end
Thu Jan 15 07:40:36 CST 2009
start
Thu Jan 15 12:00:01 CST 2009
end
Thu Jan 15 13:39:43 CST 2009
start
Thu Jan 15 18:00:01 CST 2009
end
Thu Jan 15 20:44:54 CST 2009
start
Fri Jan 16 00:00:01 CST 2009
end
Fri Jan 16 00:48:14 CST 2009
start
Fri Jan 16 07:00:01 CST 2009
end
Fri Jan 16 07:38:47 CST 2009
start
Fri Jan 16 12:00:01 CST 2009
end
Fri Jan 16 14:00:12 CST 2009
start
Fri Jan 16 18:00:01 CST 2009
end
Fri Jan 16 20:24:03 CST 2009
start
Sat Jan 17 00:00:01 CST 2009
end
Sat Jan 17 00:27:42 CST 2009
start
Sat Jan 17 07:00:01 CST 2009
end
Sat Jan 17 07:42:03 CST 2009
start
Sat Jan 17 12:00:02 CST 2009
end
Sat Jan 17 12:31:24 CST 2009
start
Sat Jan 17 18:00:01 CST 2009
end
Sat Jan 17 19:13:44 CST 2009
start
Sun Jan 18 00:00:01 CST 2009
start
Sun Jan 18 07:00:02 CST 2009
end
Sun Jan 18 07:23:44 CST 2009
start
Sun Jan 18 12:00:01 CST 2009
end
Sun Jan 18 12:23:47 CST 2009
start
Sun Jan 18 18:00:02 CST 2009
end
Sun Jan 18 18:27:38 CST 2009
start
Mon Jan 19 00:00:01 CST 2009
end
Mon Jan 19 00:21:23 CST 2009
start
Mon Jan 19 07:00:01 CST 2009
end
Mon Jan 19 07:35:14 CST 2009
start
Mon Jan 19 12:00:01 CST 2009
end
Mon Jan 19 15:08:43 CST 2009
start
Mon Jan 19 18:00:01 CST 2009
end
Mon Jan 19 20:11:11 CST 2009
start
Tue Jan 20 00:00:01 CST 2009
end
Tue Jan 20 00:47:38 CST 2009
start
Tue Jan 20 07:00:01 CST 2009
end
Tue Jan 20 07:36:00 CST 2009
start
Tue Jan 20 12:00:01 CST 2009
end
Tue Jan 20 14:34:43 CST 2009
start
Tue Jan 20 18:00:01 CST 2009
end
Tue Jan 20 20:40:34 CST 2009
start
Wed Jan 21 00:00:01 CST 2009
end
Wed Jan 21 00:59:10 CST 2009
start
Wed Jan 21 07:00:01 CST 2009
end
Wed Jan 21 07:37:53 CST 2009
start
Wed Jan 21 12:00:01 CST 2009
end
Wed Jan 21 14:34:22 CST 2009
start
Wed Jan 21 18:00:01 CST 2009
end
Wed Jan 21 20:18:22 CST 2009
start
Thu Jan 22 00:00:01 CST 2009
end
Thu Jan 22 00:46:03 CST 2009
start
Thu Jan 22 07:00:01 CST 2009
end
Thu Jan 22 07:29:45 CST 2009
start
Thu Jan 22 12:00:01 CST 2009
end
Thu Jan 22 14:28:11 CST 2009
start
Thu Jan 22 18:00:01 CST 2009
end
Thu Jan 22 20:03:47 CST 2009
start
Fri Jan 23 00:00:01 CST 2009
end
Fri Jan 23 00:33:31 CST 2009
start
Fri Jan 23 07:00:02 CST 2009
end
Fri Jan 23 07:26:34 CST 2009
start
Fri Jan 23 12:00:01 CST 2009
end
Fri Jan 23 14:46:03 CST 2009
start
Fri Jan 23 18:00:01 CST 2009
end
Fri Jan 23 20:00:52 CST 2009
start
Sat Jan 24 00:00:01 CST 2009
end
Sat Jan 24 00:17:20 CST 2009
start
Sat Jan 24 07:00:01 CST 2009
end
Sat Jan 24 07:36:04 CST 2009
start
Sat Jan 24 12:00:02 CST 2009
end
Sat Jan 24 12:35:36 CST 2009
start
Sat Jan 24 18:00:01 CST 2009
end
Sat Jan 24 19:18:44 CST 2009
start
Sun Jan 25 00:00:01 CST 2009
end
Sun Jan 25 00:35:12 CST 2009
start
Sun Jan 25 07:00:01 CST 2009
end
Sun Jan 25 07:21:02 CST 2009
start
Sun Jan 25 12:00:01 CST 2009
end
Sun Jan 25 12:15:45 CST 2009
start
Sun Jan 25 18:00:01 CST 2009
end
Sun Jan 25 18:18:27 CST 2009
start
Mon Jan 26 00:00:01 CST 2009
end
Mon Jan 26 00:26:17 CST 2009
start
Mon Jan 26 07:00:01 CST 2009
end
Mon Jan 26 07:24:04 CST 2009
start
Mon Jan 26 12:00:01 CST 2009
end
Mon Jan 26 17:11:54 CST 2009
start
Mon Jan 26 18:00:01 CST 2009
start
Tue Jan 27 00:00:01 CST 2009
end
Tue Jan 27 00:52:24 CST 2009
end
Tue Jan 27 00:53:52 CST 2009
start
Tue Jan 27 07:00:01 CST 2009
end
Tue Jan 27 07:31:37 CST 2009
start
Tue Jan 27 12:00:01 CST 2009
start
Tue Jan 27 18:00:01 CST 2009
start
Wed Jan 28 00:00:03 CST 2009
start
Wed Jan 28 07:00:01 CST 2009
start
Wed Jan 28 12:00:01 CST 2009
start
Wed Jan 28 20:00:01 CST 2009
start
Thu Jan 29 20:00:01 CST 2009
start
Fri Jan 30 20:00:01 CST 2009
end
Fri Jan 30 22:44:20 CST 2009
end
Fri Jan 30 23:02:38 CST 2009
end
Fri Jan 30 23:09:05 CST 2009
end
Fri Jan 30 23:09:16 CST 2009
end
Fri Jan 30 23:11:06 CST 2009
end
Fri Jan 30 23:11:07 CST 2009
end
Sat Jan 31 03:51:49 CST 2009
start
Sat Jan 31 20:00:01 CST 2009
end
Sat Jan 31 20:40:47 CST 2009
start
Sun Feb  1 20:00:01 CST 2009
end
Sun Feb  1 21:06:36 CST 2009
start
Thu Feb  5 14:41:47 CST 2009
end
Fri Feb  6 11:07:17 CST 2009
start
Sun Feb  8 09:36:24 CST 2009
start
Tue Feb 10 17:02:10 CST 2009
end
Wed Feb 11 06:42:51 CST 2009
start
Fri Feb 13 20:00:01 CST 2009
end
Sat Feb 14 15:45:42 CST 2009
start
Sat Feb 14 20:00:01 CST 2009
end
Sat Feb 14 21:16:39 CST 2009
start
Sun Feb 15 20:00:01 CST 2009
end
Sun Feb 15 20:52:23 CST 2009
start
Mon Feb 16 20:00:01 CST 2009
end
Tue Feb 17 01:43:47 CST 2009
start
Tue Feb 17 20:00:01 CST 2009
end
Wed Feb 18 04:33:10 CST 2009
start
Wed Feb 18 11:28:38 CST 2009
end
Wed Feb 18 15:50:38 CST 2009
start
Wed Feb 18 20:00:01 CST 2009
end
Wed Feb 18 23:21:17 CST 2009
start
Thu Feb 19 20:00:01 CST 2009
end
Fri Feb 20 03:05:48 CST 2009
start
Fri Feb 20 20:00:01 CST 2009
end
Sat Feb 21 03:50:22 CST 2009
start
Sat Feb 21 20:00:02 CST 2009
end
Sat Feb 21 20:57:10 CST 2009
start
Sun Feb 22 20:00:01 CST 2009
end
Sun Feb 22 21:26:22 CST 2009
start
Mon Feb 23 20:00:01 CST 2009
end
Tue Feb 24 01:08:36 CST 2009
start
Tue Feb 24 20:00:01 CST 2009
start
Wed Feb 25 20:00:01 CST 2009
start
Thu Feb 26 20:00:01 CST 2009
start
Fri Feb 27 20:00:01 CST 2009
start
Sat Feb 28 20:00:02 CST 2009
start
Sun Mar  1 20:00:01 CST 2009
start
Mon Mar  2 20:00:01 CST 2009
start
Tue Mar  3 20:00:01 CST 2009
start
Wed Mar  4 20:00:01 CST 2009
start
Thu Mar  5 20:00:01 CST 2009
start
Fri Mar  6 09:07:25 CST 2009
start
Fri Mar  6 11:22:25 CST 2009
start
Fri Mar  6 11:44:59 CST 2009
end
Fri Mar  6 12:31:57 CST 2009
start
Fri Mar  6 14:28:00 CST 2009
start
Fri Mar  6 20:00:01 CST 2009
start
Sat Mar  7 20:00:02 CST 2009
start
Sun Mar  8 20:00:01 CDT 2009
start
Mon Mar  9 20:00:01 CDT 2009
start
Tue Mar 10 20:00:01 CDT 2009
end
Wed Mar 11 02:45:39 CDT 2009
end
Wed Mar 11 02:45:45 CDT 2009
end
Wed Mar 11 03:02:06 CDT 2009
end
Wed Mar 11 03:12:49 CDT 2009
end
Wed Mar 11 04:48:35 CDT 2009
end
Wed Mar 11 07:30:41 CDT 2009
start
Wed Mar 11 16:52:42 CDT 2009
start
Wed Mar 11 20:00:01 CDT 2009
end
Wed Mar 11 22:02:37 CDT 2009
end
Wed Mar 11 22:05:12 CDT 2009
start
Thu Mar 12 20:00:01 CDT 2009
end
Fri Mar 13 00:24:27 CDT 2009
start
Fri Mar 13 20:00:01 CDT 2009
end
Sat Mar 14 00:08:18 CDT 2009
start
Sat Mar 14 20:00:01 CDT 2009
end
Sat Mar 14 21:25:00 CDT 2009
start
Sun Mar 15 20:00:01 CDT 2009
end
Sun Mar 15 20:46:41 CDT 2009
start
Tue Mar 17 20:00:01 CDT 2009
end
Tue Mar 17 20:00:02 CDT 2009
start
Wed Mar 18 16:37:28 CDT 2009
start
Wed Mar 18 20:00:01 CDT 2009
end
Wed Mar 18 23:53:44 CDT 2009
end
Wed Mar 18 23:53:45 CDT 2009
start
Thu Mar 19 20:00:01 CDT 2009
start
Thu Mar 19 22:28:24 CDT 2009
end
Thu Mar 19 22:30:05 CDT 2009
end
Thu Mar 19 23:23:26 CDT 2009
start
Fri Mar 20 20:00:02 CDT 2009
start
Fri Mar 20 22:02:56 CDT 2009
start
Fri Mar 20 22:12:54 CDT 2009
start
Sat Mar 21 09:00:59 CDT 2009
start
Sat Mar 21 20:00:01 CDT 2009
start
Sun Mar 22 20:00:01 CDT 2009
start
Mon Mar 23 20:04:55 CDT 2009
start
Tue Mar 24 00:00:01 CDT 2009
end
Tue Mar 24 04:30:47 CDT 2009
end
Tue Mar 24 04:31:10 CDT 2009
start
Tue Mar 24 18:00:01 CDT 2009
end
Tue Mar 24 23:46:48 CDT 2009
start
Wed Mar 25 00:00:01 CDT 2009
end
Wed Mar 25 01:55:53 CDT 2009
start
Wed Mar 25 18:00:01 CDT 2009
start
Thu Mar 26 00:00:01 CDT 2009
end
end
Thu Mar 26 11:43:03 CDT 2009
Thu Mar 26 11:43:03 CDT 2009
start
Thu Mar 26 13:07:41 CDT 2009
start
Thu Mar 26 18:00:01 CDT 2009
end
Thu Mar 26 22:52:52 CDT 2009
start
Fri Mar 27 00:00:01 CDT 2009
end
Fri Mar 27 02:15:32 CDT 2009
end
Fri Mar 27 07:02:53 CDT 2009
start
Fri Mar 27 11:18:00 CDT 2009
end
Fri Mar 27 16:11:16 CDT 2009
start
Fri Mar 27 16:34:07 CDT 2009
start
Fri Mar 27 17:16:42 CDT 2009
end
Fri Mar 27 18:41:38 CDT 2009
start
Fri Mar 27 19:35:38 CDT 2009
end
Fri Mar 27 20:37:08 CDT 2009
start
Fri Mar 27 21:41:10 CDT 2009
end
Fri Mar 27 23:38:24 CDT 2009
start
Sat Mar 28 00:10:03 CDT 2009
end
Sat Mar 28 02:13:06 CDT 2009
start
Sat Mar 28 07:18:41 CDT 2009
end
Sat Mar 28 08:52:19 CDT 2009
start
Sat Mar 28 08:57:23 CDT 2009
end
Sat Mar 28 10:02:59 CDT 2009
